2021-11-07T10:15:59+00:00 CRITICAL Uncaught Error: Call to undefined method stdClass::isGroup() in /opt/lampp/htdocs/gamer/wordpress/wp-content/plugins/smart-slider-3/Nextend/SmartSlider3/Application/Frontend/Slider/ViewIframe.php:40
Stack trace:
#0 /opt/lampp/htdocs/gamer/wordpress/wp-content/plugins/smart-slider-3/Nextend/SmartSlider3/Application/Frontend/Slider/ControllerPreRenderSlider.php(29): Nextend\SmartSlider3\Application\Frontend\Slider\ViewIframe->display()
#1 [internal function]: Nextend\SmartSlider3\Application\Frontend\Slider\ControllerPreRenderSlider->actionIframe()
#2 /opt/lampp/htdocs/gamer/wordpress/wp-content/plugins/smart-slider-3/Nextend/Framework/Controller/AbstractController.php(93): call_user_func_array(Array, Array)
#3 /opt/lampp/htdocs/gamer/wordpress/wp-content/plugins/smart-slider-3/Nextend/Framework/Application/AbstractApplicationType.php(88): Nextend\Framework\Controller\AbstractController->doAction('iframe', Array)
#4 /opt/lampp/htdocs/gamer/wordpress/wp-content/plugins/smart-slider-3/Nextend/SmartSlider3/Platfor in /opt/lampp/htdocs/gamer/wordpress/wp-content/plugins/smart-slider-3/Nextend/SmartSlider3/Application/Frontend/Slider/ViewIframe.php on line 40

2021-11-07T10:40:28+00:00 CRITICAL Uncaught Error: Call to undefined method stdClass::isGroup() in /opt/lampp/htdocs/gamer/wordpress/wp-content/plugins/smart-slider-3/Nextend/SmartSlider3/Application/Frontend/Slider/ViewIframe.php:40
Stack trace:
#0 /opt/lampp/htdocs/gamer/wordpress/wp-content/plugins/smart-slider-3/Nextend/SmartSlider3/Application/Frontend/Slider/ControllerPreRenderSlider.php(29): Nextend\SmartSlider3\Application\Frontend\Slider\ViewIframe->display()
#1 [internal function]: Nextend\SmartSlider3\Application\Frontend\Slider\ControllerPreRenderSlider->actionIframe()
#2 /opt/lampp/htdocs/gamer/wordpress/wp-content/plugins/smart-slider-3/Nextend/Framework/Controller/AbstractController.php(93): call_user_func_array(Array, Array)
#3 /opt/lampp/htdocs/gamer/wordpress/wp-content/plugins/smart-slider-3/Nextend/Framework/Application/AbstractApplicationType.php(88): Nextend\Framework\Controller\AbstractController->doAction('iframe', Array)
#4 /opt/lampp/htdocs/gamer/wordpress/wp-content/plugins/smart-slider-3/Nextend/SmartSlider3/Platfor in /opt/lampp/htdocs/gamer/wordpress/wp-content/plugins/smart-slider-3/Nextend/SmartSlider3/Application/Frontend/Slider/ViewIframe.php on line 40

2021-11-07T10:42:43+00:00 CRITICAL Uncaught Error: Call to undefined method stdClass::isGroup() in /opt/lampp/htdocs/gamer/wordpress/wp-content/plugins/smart-slider-3/Nextend/SmartSlider3/Application/Frontend/Slider/ViewIframe.php:40
Stack trace:
#0 /opt/lampp/htdocs/gamer/wordpress/wp-content/plugins/smart-slider-3/Nextend/SmartSlider3/Application/Frontend/Slider/ControllerPreRenderSlider.php(29): Nextend\SmartSlider3\Application\Frontend\Slider\ViewIframe->display()
#1 [internal function]: Nextend\SmartSlider3\Application\Frontend\Slider\ControllerPreRenderSlider->actionIframe()
#2 /opt/lampp/htdocs/gamer/wordpress/wp-content/plugins/smart-slider-3/Nextend/Framework/Controller/AbstractController.php(93): call_user_func_array(Array, Array)
#3 /opt/lampp/htdocs/gamer/wordpress/wp-content/plugins/smart-slider-3/Nextend/Framework/Application/AbstractApplicationType.php(88): Nextend\Framework\Controller\AbstractController->doAction('iframe', Array)
#4 /opt/lampp/htdocs/gamer/wordpress/wp-content/plugins/smart-slider-3/Nextend/SmartSlider3/Platfor in /opt/lampp/htdocs/gamer/wordpress/wp-content/plugins/smart-slider-3/Nextend/SmartSlider3/Application/Frontend/Slider/ViewIframe.php on line 40

2021-11-07T10:42:53+00:00 CRITICAL Uncaught Error: Call to undefined method stdClass::isGroup() in /opt/lampp/htdocs/gamer/wordpress/wp-content/plugins/smart-slider-3/Nextend/SmartSlider3/Application/Frontend/Slider/ViewIframe.php:40
Stack trace:
#0 /opt/lampp/htdocs/gamer/wordpress/wp-content/plugins/smart-slider-3/Nextend/SmartSlider3/Application/Frontend/Slider/ControllerPreRenderSlider.php(29): Nextend\SmartSlider3\Application\Frontend\Slider\ViewIframe->display()
#1 [internal function]: Nextend\SmartSlider3\Application\Frontend\Slider\ControllerPreRenderSlider->actionIframe()
#2 /opt/lampp/htdocs/gamer/wordpress/wp-content/plugins/smart-slider-3/Nextend/Framework/Controller/AbstractController.php(93): call_user_func_array(Array, Array)
#3 /opt/lampp/htdocs/gamer/wordpress/wp-content/plugins/smart-slider-3/Nextend/Framework/Application/AbstractApplicationType.php(88): Nextend\Framework\Controller\AbstractController->doAction('iframe', Array)
#4 /opt/lampp/htdocs/gamer/wordpress/wp-content/plugins/smart-slider-3/Nextend/SmartSlider3/Platfor in /opt/lampp/htdocs/gamer/wordpress/wp-content/plugins/smart-slider-3/Nextend/SmartSlider3/Application/Frontend/Slider/ViewIframe.php on line 40

2021-11-07T10:43:05+00:00 CRITICAL Uncaught Error: Call to undefined method stdClass::isGroup() in /opt/lampp/htdocs/gamer/wordpress/wp-content/plugins/smart-slider-3/Nextend/SmartSlider3/Application/Frontend/Slider/ViewIframe.php:40
Stack trace:
#0 /opt/lampp/htdocs/gamer/wordpress/wp-content/plugins/smart-slider-3/Nextend/SmartSlider3/Application/Frontend/Slider/ControllerPreRenderSlider.php(29): Nextend\SmartSlider3\Application\Frontend\Slider\ViewIframe->display()
#1 [internal function]: Nextend\SmartSlider3\Application\Frontend\Slider\ControllerPreRenderSlider->actionIframe()
#2 /opt/lampp/htdocs/gamer/wordpress/wp-content/plugins/smart-slider-3/Nextend/Framework/Controller/AbstractController.php(93): call_user_func_array(Array, Array)
#3 /opt/lampp/htdocs/gamer/wordpress/wp-content/plugins/smart-slider-3/Nextend/Framework/Application/AbstractApplicationType.php(88): Nextend\Framework\Controller\AbstractController->doAction('iframe', Array)
#4 /opt/lampp/htdocs/gamer/wordpress/wp-content/plugins/smart-slider-3/Nextend/SmartSlider3/Platfor in /opt/lampp/htdocs/gamer/wordpress/wp-content/plugins/smart-slider-3/Nextend/SmartSlider3/Application/Frontend/Slider/ViewIframe.php on line 40

2021-11-07T10:43:51+00:00 CRITICAL Uncaught Error: Call to undefined method stdClass::isGroup() in /opt/lampp/htdocs/gamer/wordpress/wp-content/plugins/smart-slider-3/Nextend/SmartSlider3/Application/Frontend/Slider/ViewIframe.php:40
Stack trace:
#0 /opt/lampp/htdocs/gamer/wordpress/wp-content/plugins/smart-slider-3/Nextend/SmartSlider3/Application/Frontend/Slider/ControllerPreRenderSlider.php(29): Nextend\SmartSlider3\Application\Frontend\Slider\ViewIframe->display()
#1 [internal function]: Nextend\SmartSlider3\Application\Frontend\Slider\ControllerPreRenderSlider->actionIframe()
#2 /opt/lampp/htdocs/gamer/wordpress/wp-content/plugins/smart-slider-3/Nextend/Framework/Controller/AbstractController.php(93): call_user_func_array(Array, Array)
#3 /opt/lampp/htdocs/gamer/wordpress/wp-content/plugins/smart-slider-3/Nextend/Framework/Application/AbstractApplicationType.php(88): Nextend\Framework\Controller\AbstractController->doAction('iframe', Array)
#4 /opt/lampp/htdocs/gamer/wordpress/wp-content/plugins/smart-slider-3/Nextend/SmartSlider3/Platfor in /opt/lampp/htdocs/gamer/wordpress/wp-content/plugins/smart-slider-3/Nextend/SmartSlider3/Application/Frontend/Slider/ViewIframe.php on line 40

